-Xajruntimetarget:1.5
-Xlint:ignore
-encoding
UTF-8
-showWeaveInfo
-verbose
-17
-classpath
C:\Users\‘адис\.m2\repository\org\aspectj\aspectjrt\1.9.25.1\aspectjrt-1.9.25.1.jar;C:\Users\‘адис\IdeaProjects\lab9m\target\classes
-d
C:\Users\‘адис\IdeaProjects\lab9m\target\classes
-s
C:\Users\‘адис\IdeaProjects\lab9m\target\generated-sources\aspectj-maven-plugin
C:\Users\‘адис\IdeaProjects\lab9m\src\main\java\punic\AbstractArmyFactoryAspect.aj
C:\Users\‘адис\IdeaProjects\lab9m\src\main\java\punic\AttackChainAspect.aj
C:\Users\‘адис\IdeaProjects\lab9m\src\main\java\punic\CarthaginianArcher.java
C:\Users\‘адис\IdeaProjects\lab9m\src\main\java\punic\CarthaginianArmyFactoryAspect.aj
C:\Users\‘адис\IdeaProjects\lab9m\src\main\java\punic\CarthaginianHorseman.java
C:\Users\‘адис\IdeaProjects\lab9m\src\main\java\punic\CarthaginianInfantryman.java
C:\Users\‘адис\IdeaProjects\lab9m\src\main\java\punic\Main.java
C:\Users\‘адис\IdeaProjects\lab9m\src\main\java\punic\Mercenary.java
C:\Users\‘адис\IdeaProjects\lab9m\src\main\java\punic\MercenaryAdapterAspect.aj
C:\Users\‘адис\IdeaProjects\lab9m\src\main\java\punic\RomanArcher.java
C:\Users\‘адис\IdeaProjects\lab9m\src\main\java\punic\RomanArmyFactoryAspect.aj
C:\Users\‘адис\IdeaProjects\lab9m\src\main\java\punic\RomanHorseman.java
C:\Users\‘адис\IdeaProjects\lab9m\src\main\java\punic\RomanInfantryman.java
C:\Users\‘адис\IdeaProjects\lab9m\src\main\java\punic\Warrior.java
C:\Users\‘адис\IdeaProjects\lab9m\src\main\java\punic\WarriorHandler.java
